0 verbose cli D:\SoftWare-Work\Node\node.exe D:\SoftWare-Work\Node\node_modules\npm\bin\npm-cli.js
1 info using npm@11.6.2
2 info using node@v25.2.1
3 silly config load:file:D:\SoftWare-Work\Node\node_modules\npm\npmrc
4 silly config load:file:D:\SoftWare-Work\Java\JavaWebProjects\电商供应链\ecomerce-backend-1.0.0.1\.npmrc
5 silly config load:file:C:\Users\Tyler\.npmrc
6 silly config load:file:D:\SoftWare-Work\Node\node_globel\etc\npmrc
7 verbose title npm exec lv_font_conv --help
8 verbose argv "exec" "--" "lv_font_conv" "--help"
9 verbose logfile logs-max:10 dir:D:\SoftWare-Work\Java\JavaWebProjects\电商供应链\ecomerce-backend-1.0.0.1\.npm-cache\_logs\2026-06-02T11_17_47_196Z-
10 verbose logfile D:\SoftWare-Work\Java\JavaWebProjects\电商供应链\ecomerce-backend-1.0.0.1\.npm-cache\_logs\2026-06-02T11_17_47_196Z-debug-0.log
11 silly logfile done cleaning log files
12 silly packumentCache heap:4496293888 maxSize:1124073472 maxEntrySize:562036736
13 http fetch GET 200 https://registry.npmjs.org/lv_font_conv 744ms (cache miss)
14 silly packumentCache heap:4496293888 maxSize:1124073472 maxEntrySize:562036736
15 silly packumentCache heap:4496293888 maxSize:1124073472 maxEntrySize:562036736
16 warn exec The following package was not found and will be installed: lv_font_conv@1.5.3
17 silly idealTree buildDeps
18 silly fetch manifest lv_font_conv@1.5.3
19 silly packumentCache full:https://registry.npmjs.org/lv_font_conv cache-miss
20 http fetch GET 200 https://registry.npmjs.org/lv_font_conv 250ms (cache miss)
21 silly packumentCache full:https://registry.npmjs.org/lv_font_conv set size:undefined disposed:false
22 silly placeDep ROOT lv_font_conv@1.5.3 OK for:  want: 1.5.3
23 silly reify moves {}
24 http cache lv_font_conv@https://registry.npmjs.org/lv_font_conv/-/lv_font_conv-1.5.3.tgz 0ms (cache hit)
25 silly tarball no local data for lv_font_conv@https://registry.npmjs.org/lv_font_conv/-/lv_font_conv-1.5.3.tgz. Extracting by manifest.
26 http fetch GET 200 https://registry.npmjs.org/npm 1222ms
27 http fetch GET 200 https://registry.npmjs.org/lv_font_conv/-/lv_font_conv-1.5.3.tgz 794ms (cache miss)
28 silly audit bulk request {
28 silly audit   lv_font_conv: [ '1.5.3' ],
28 silly audit   argparse: [ '2.0.1' ],
28 silly audit   'bit-buffer': [ '0.2.5' ],
28 silly audit   debug: [ '4.3.4' ],
28 silly audit   mkdirp: [ '1.0.4' ],
28 silly audit   'make-error': [ '1.3.6' ],
28 silly audit   ms: [ '2.1.2' ],
28 silly audit   pngjs: [ '6.0.0' ],
28 silly audit   'opentype.js': [ '1.3.4' ],
28 silly audit   'tiny-inflate': [ '1.0.3' ],
28 silly audit   'string.prototype.codepointat': [ '0.2.1' ]
28 silly audit }
29 http fetch POST 200 https://registry.npmjs.org/-/npm/v1/security/advisories/bulk 228ms
30 silly audit report {}
31 verbose cwd D:\SoftWare-Work\Java\JavaWebProjects\电商供应链\ecomerce-backend-1.0.0.1
32 verbose os Windows_NT 10.0.26200
33 verbose node v25.2.1
34 verbose npm  v11.6.2
35 notice
35 notice New minor version of npm available! 11.6.2 -> 11.16.0
35 notice Changelog: https://github.com/npm/cli/releases/tag/v11.16.0
35 notice To update run: npm install -g npm@11.16.0
35 notice  { force: true, Symbol(proc-log.meta): true }
36 verbose exit 0
37 info ok
