0 verbose cli D:\SoftWare-Work\Node\node.exe D:\SoftWare-Work\Node\node_modules\npm\bin\npm-cli.js
1 info using npm@11.6.2
2 info using node@v25.2.1
3 silly config load:file:D:\SoftWare-Work\Node\node_modules\npm\npmrc
4 silly config load:file:D:\SoftWare-Work\Java\JavaWebProjects\电商供应链\ecomerce-backend-1.0.0.1\.npmrc
5 silly config load:file:C:\Users\Tyler\.npmrc
6 silly config load:file:D:\SoftWare-Work\Node\node_globel\etc\npmrc
7 verbose title npm exec lv_font_conv --font .\lvgl_unmanned_store_squareline_export\ui\static\fonts\NotoSansSC-VF.ttf -r 0x20-0x7F --symbols 无人超市自助购物终端账号密码登录欢迎使用智能零售系统首页我的商品购物车加入水饮零食日用结算支付返回订单确认合计数量清空已添加中成功秒后会员中心今日优惠常购推荐门店状态在线为空矿泉糖可乐牛奶面包薯片纸巾口香咖啡温馨提示请检查后智能货柜员巡检售后服务模拟完成付款金额正在处理稍候扫码刷脸件份¥￥ --size 20 --bpp 4 --format lvgl --lv-font-name ui_font_notosanssc_20 --output .\lvgl_unmanned_store_squareline_export\ui\static\ui_font_notosanssc_20.c
8 verbose argv "exec" "--" "lv_font_conv" "--font" ".\\lvgl_unmanned_store_squareline_export\\ui\\static\\fonts\\NotoSansSC-VF.ttf" "-r" "0x20-0x7F" "--symbols" "无人超市自助购物终端账号密码登录欢迎使用智能零售系统首页我的商品购物车加入水饮零食日用结算支付返回订单确认合计数量清空已添加中成功秒后会员中心今日优惠常购推荐门店状态在线为空矿泉糖可乐牛奶面包薯片纸巾口香咖啡温馨提示请检查后智能货柜员巡检售后服务模拟完成付款金额正在处理稍候扫码刷脸件份¥￥" "--size" "20" "--bpp" "4" "--format" "lvgl" "--lv-font-name" "ui_font_notosanssc_20" "--output" ".\\lvgl_unmanned_store_squareline_export\\ui\\static\\ui_font_notosanssc_20.c"
9 verbose logfile logs-max:10 dir:D:\SoftWare-Work\Java\JavaWebProjects\电商供应链\ecomerce-backend-1.0.0.1\.npm-cache\_logs\2026-06-02T11_19_06_771Z-
10 verbose logfile D:\SoftWare-Work\Java\JavaWebProjects\电商供应链\ecomerce-backend-1.0.0.1\.npm-cache\_logs\2026-06-02T11_19_06_771Z-debug-0.log
11 silly logfile done cleaning log files
12 silly packumentCache heap:4496293888 maxSize:1124073472 maxEntrySize:562036736
13 http fetch GET 200 https://registry.npmjs.org/lv_font_conv 741ms (cache revalidated)
14 silly packumentCache heap:4496293888 maxSize:1124073472 maxEntrySize:562036736
15 silly packumentCache heap:4496293888 maxSize:1124073472 maxEntrySize:562036736
16 verbose cwd D:\SoftWare-Work\Java\JavaWebProjects\电商供应链\ecomerce-backend-1.0.0.1
17 verbose os Windows_NT 10.0.26200
18 verbose node v25.2.1
19 verbose npm  v11.6.2
20 verbose exit 0
21 info ok
